<?xml version="1.0" encoding="UTF-8"?>
<!-- Generated by org.testng.reporters.JUnitReportReporter -->
<testsuite name="com.course.cases.GetUserInfoListTest" tests="1" time="0.959" ignored="1" failures="0" timestamp="18 二月 2019 01:45:50 GMT" skipped="0" hostname="DESKTOP-1J0QRU3" errors="0">
  <testcase name="getUserListInfo" time="0.959" classname="com.course.cases.GetUserInfoListTest"/>
  <testcase name="deleteUser" classname="com.course.cases.UpdateUserInfoTest">
    <skipped/>
  </testcase> <!-- deleteUser -->
</testsuite> <!-- com.course.cases.GetUserInfoListTest -->
