<?xml version="1.0" encoding="UTF-8"?>
<!-- Generated by org.testng.reporters.JUnitReportReporter -->
<testsuite name="com.course.cases.GetUserInfoListTest" tests="1" time="1.124" ignored="0" failures="0" timestamp="21 四月 2019 15:57:24 GMT" skipped="0" hostname="LAPTOP-DK86T691" errors="0">
  <testcase name="getUserListInfo" time="1.124" classname="com.course.cases.GetUserInfoListTest"/>
</testsuite> <!-- com.course.cases.GetUserInfoListTest -->
