<?xml version="1.0" encoding="UTF-8"?>
<!-- Generated by org.testng.reporters.JUnitReportReporter -->
<testsuite name="com.course.cases.LoginTest" tests="2" time="3.387" ignored="0" failures="0" timestamp="21 四月 2019 15:57:24 GMT" skipped="0" hostname="LAPTOP-DK86T691" errors="0">
  <testcase name="loginTrue" time="2.286" classname="com.course.cases.LoginTest"/>
  <testcase name="loginFalse" time="1.101" classname="com.course.cases.LoginTest"/>
</testsuite> <!-- com.course.cases.LoginTest -->
