<?xml version="1.0" encoding="UTF-8"?>
<!-- Generated by org.testng.reporters.JUnitReportReporter -->
<testsuite name="com.course.cases.UpdateUserInfoTest" tests="2" time="22.316" ignored="0" failures="0" timestamp="21 四月 2019 15:56:07 GMT" skipped="0" hostname="LAPTOP-DK86T691" errors="0">
  <testcase name="deleteUser" time="11.118" classname="com.course.cases.UpdateUserInfoTest"/>
  <testcase name="updateUserInfo" time="11.198" classname="com.course.cases.UpdateUserInfoTest"/>
</testsuite> <!-- com.course.cases.UpdateUserInfoTest -->
