<?xml version="1.0" encoding="UTF-8"?>
<!-- Generated by org.testng.reporters.JUnitReportReporter -->
<testsuite name="com.course.cases.GetUserInfoTest" tests="1" time="0.630" ignored="0" failures="0" timestamp="17 二月 2019 05:21:52 GMT" skipped="0" hostname="LAPTOP-DK86T691" errors="0">
  <testcase name="getUserInfo" time="0.630" classname="com.course.cases.GetUserInfoTest"/>
</testsuite> <!-- com.course.cases.GetUserInfoTest -->
