<?xml version="1.0" encoding="UTF-8"?>
<!-- Generated by org.testng.reporters.JUnitReportReporter -->
<testsuite name="com.course.cases.LoginTest" tests="2" time="2.175" ignored="0" failures="0" timestamp="17 二月 2019 05:21:52 GMT" skipped="0" hostname="LAPTOP-DK86T691" errors="0">
  <testcase name="loginFalse" time="0.536" classname="com.course.cases.LoginTest"/>
  <testcase name="loginTrue" time="1.639" classname="com.course.cases.LoginTest"/>
</testsuite> <!-- com.course.cases.LoginTest -->
