<?xml version="1.0" encoding="UTF-8"?>
<!-- Generated by org.testng.reporters.JUnitReportReporter -->
<testsuite name="com.course.cases.GetUserInfoTest" tests="1" time="0.984" ignored="0" failures="0" timestamp="18 Feb 2019 01:31:11 GMT" skipped="0" hostname="DESKTOP-1J0QRU3" errors="0">
  <testcase name="getUserInfo" time="0.984" classname="com.course.cases.GetUserInfoTest"/>
</testsuite> <!-- com.course.cases.GetUserInfoTest -->
