<?xml version="1.0" encoding="UTF-8"?>
<!-- Generated by org.testng.reporters.JUnitReportReporter -->
<testsuite name="com.course.cases.GetUserInfoListTest" tests="1" time="0.643" ignored="0" failures="0" timestamp="17 二月 2019 05:21:52 GMT" skipped="0" hostname="LAPTOP-DK86T691" errors="0">
  <testcase name="getUserListInfo" time="0.643" classname="com.course.cases.GetUserInfoListTest"/>
</testsuite> <!-- com.course.cases.GetUserInfoListTest -->
