<?xml version="1.0" encoding="UTF-8"?>
<!-- Generated by org.testng.reporters.JUnitReportReporter -->
<testsuite name="com.course.cases.LoginTest" tests="2" time="3.182" ignored="0" failures="0" timestamp="18 Feb 2019 01:31:11 GMT" skipped="0" hostname="DESKTOP-1J0QRU3" errors="0">
  <testcase name="loginFalse" time="0.924" classname="com.course.cases.LoginTest"/>
  <testcase name="loginTrue" time="2.258" classname="com.course.cases.LoginTest"/>
</testsuite> <!-- com.course.cases.LoginTest -->
